<?xml version="1.0" encoding="UTF-8"?>
<coverage generated="1539700761">
  <project timestamp="1539700761">
    <package name="App\Console">
      <file name="/Users/mirzat/Desktop/pengjisoft/caomei-laravel/app/Console/Kernel.php">
        <class name="App\Console\Kernel" namespace="App\Console">
          <metrics complexity="2" methods="2" coveredmethods="0" conditionals="0" coveredconditionals="0" statements="4" coveredstatements="0" elements="6" coveredelements="0"/>
        </class>
        <line num="25" type="method" name="schedule" visibility="protected" complexity="1" crap="2.00" count="0"/>
        <line num="29" type="stmt" count="0"/>
        <line num="36" type="method" name="commands" visibility="protected" complexity="1" crap="2.00" count="0"/>
        <line num="38" type="stmt" count="0"/>
        <line num="40" type="stmt" count="0"/>
        <line num="41" type="stmt" count="0"/>
        <metrics loc="42" ncloc="20" classes="1" methods="2" coveredmethods="0" conditionals="0" coveredconditionals="0" statements="4" coveredstatements="0" elements="6" coveredelements="0"/>
      </file>
    </package>
    <package name="App\Entities">
      <file name="/Users/mirzat/Desktop/pengjisoft/caomei-laravel/app/Entities/Goods.php">
        <class name="App\Entities\Goods" namespace="App\Entities">
          <metrics complexity="0" methods="0" coveredmethods="0" conditionals="0" coveredconditionals="0" statements="0" coveredstatements="0" elements="0" coveredelements="0"/>
        </class>
        <metrics loc="31" ncloc="8" classes="0" methods="0" coveredmethods="0" conditionals="0" coveredconditionals="0" statements="0" coveredstatements="0" elements="0" coveredelements="0"/>
      </file>
      <file name="/Users/mirzat/Desktop/pengjisoft/caomei-laravel/app/Entities/GoodsCategory.php">
        <class name="App\Entities\GoodsCategory" namespace="App\Entities">
          <metrics complexity="0" methods="0" coveredmethods="0" conditionals="0" coveredconditionals="0" statements="0" coveredstatements="0" elements="0" coveredelements="0"/>
        </class>
        <metrics loc="15" ncloc="10" classes="0" methods="0" coveredmethods="0" conditionals="0" coveredconditionals="0" statements="0" coveredstatements="0" elements="0" coveredelements="0"/>
      </file>
      <file name="/Users/mirzat/Desktop/pengjisoft/caomei-laravel/app/Entities/GoodsCollection.php">
        <class name="App\Entities\GoodsCollection" namespace="App\Entities">
          <metrics complexity="0" methods="0" coveredmethods="0" conditionals="0" coveredconditionals="0" statements="0" coveredstatements="0" elements="0" coveredelements="0"/>
        </class>
        <metrics loc="25" ncloc="8" classes="0" methods="0" coveredmethods="0" conditionals="0" coveredconditionals="0" statements="0" coveredstatements="0" elements="0" coveredelements="0"/>
      </file>
      <file name="/Users/mirzat/Desktop/pengjisoft/caomei-laravel/app/Entities/Order.php">
        <class name="App\Entities\Order" namespace="App\Entities">
          <metrics complexity="0" methods="0" coveredmethods="0" conditionals="0" coveredconditionals="0" statements="0" coveredstatements="0" elements="0" coveredelements="0"/>
        </class>
        <metrics loc="29" ncloc="8" classes="0" methods="0" coveredmethods="0" conditionals="0" coveredconditionals="0" statements="0" coveredstatements="0" elements="0" coveredelements="0"/>
      </file>
      <file name="/Users/mirzat/Desktop/pengjisoft/caomei-laravel/app/Entities/OrderDetail.php">
        <class name="App\Entities\OrderDetail" namespace="App\Entities">
          <metrics complexity="0" methods="0" coveredmethods="0" conditionals="0" coveredconditionals="0" statements="0" coveredstatements="0" elements="0" coveredelements="0"/>
        </class>
        <metrics loc="15" ncloc="8" classes="0" methods="0" coveredmethods="0" conditionals="0" coveredconditionals="0" statements="0" coveredstatements="0" elements="0" coveredelements="0"/>
      </file>
      <file name="/Users/mirzat/Desktop/pengjisoft/caomei-laravel/app/Entities/OrderHistory.php">
        <class name="App\Entities\OrderHistory" namespace="App\Entities">
          <metrics complexity="0" methods="0" coveredmethods="0" conditionals="0" coveredconditionals="0" statements="0" coveredstatements="0" elements="0" coveredelements="0"/>
        </class>
        <metrics loc="23" ncloc="8" classes="0" methods="0" coveredmethods="0" conditionals="0" coveredconditionals="0" statements="0" coveredstatements="0" elements="0" coveredelements="0"/>
      </file>
      <file name="/Users/mirzat/Desktop/pengjisoft/caomei-laravel/app/Entities/Permission.php">
        <class name="App\Entities\Permission" namespace="App\Entities">
          <metrics complexity="0" methods="0" coveredmethods="0" conditionals="0" coveredconditionals="0" statements="0" coveredstatements="0" elements="0" coveredelements="0"/>
        </class>
        <metrics loc="25" ncloc="8" classes="0" methods="0" coveredmethods="0" conditionals="0" coveredconditionals="0" statements="0" coveredstatements="0" elements="0" coveredelements="0"/>
      </file>
      <file name="/Users/mirzat/Desktop/pengjisoft/caomei-laravel/app/Entities/Printer.php">
        <class name="App\Entities\Printer" namespace="App\Entities">
          <metrics complexity="0" methods="0" coveredmethods="0" conditionals="0" coveredconditionals="0" statements="0" coveredstatements="0" elements="0" coveredelements="0"/>
        </class>
        <metrics loc="31" ncloc="8" classes="0" methods="0" coveredmethods="0" conditionals="0" coveredconditionals="0" statements="0" coveredstatements="0" elements="0" coveredelements="0"/>
      </file>
      <file name="/Users/mirzat/Desktop/pengjisoft/caomei-laravel/app/Entities/Qrcode.php">
        <class name="App\Entities\Qrcode" namespace="App\Entities">
          <metrics complexity="0" methods="0" coveredmethods="0" conditionals="0" coveredconditionals="0" statements="0" coveredstatements="0" elements="0" coveredelements="0"/>
        </class>
        <metrics loc="29" ncloc="8" classes="0" methods="0" coveredmethods="0" conditionals="0" coveredconditionals="0" statements="0" coveredstatements="0" elements="0" coveredelements="0"/>
      </file>
      <file name="/Users/mirzat/Desktop/pengjisoft/caomei-laravel/app/Entities/Restraunt.php">
        <class name="App\Entities\Restraunt" namespace="App\Entities">
          <metrics complexity="0" methods="0" coveredmethods="0" conditionals="0" coveredconditionals="0" statements="0" coveredstatements="0" elements="0" coveredelements="0"/>
        </class>
        <metrics loc="15" ncloc="8" classes="0" methods="0" coveredmethods="0" conditionals="0" coveredconditionals="0" statements="0" coveredstatements="0" elements="0" coveredelements="0"/>
      </file>
      <file name="/Users/mirzat/Desktop/pengjisoft/caomei-laravel/app/Entities/RestrauntSetting.php">
        <class name="App\Entities\RestrauntSetting" namespace="App\Entities">
          <metrics complexity="0" methods="0" coveredmethods="0" conditionals="0" coveredconditionals="0" statements="0" coveredstatements="0" elements="0" coveredelements="0"/>
        </class>
        <metrics loc="25" ncloc="8" classes="0" methods="0" coveredmethods="0" conditionals="0" coveredconditionals="0" statements="0" coveredstatements="0" elements="0" coveredelements="0"/>
      </file>
      <file name="/Users/mirzat/Desktop/pengjisoft/caomei-laravel/app/Entities/RestrauntTable.php">
        <class name="App\Entities\RestrauntTable" namespace="App\Entities">
          <metrics complexity="0" methods="0" coveredmethods="0" conditionals="0" coveredconditionals="0" statements="0" coveredstatements="0" elements="0" coveredelements="0"/>
        </class>
        <metrics loc="27" ncloc="8" classes="0" methods="0" coveredmethods="0" conditionals="0" coveredconditionals="0" statements="0" coveredstatements="0" elements="0" coveredelements="0"/>
      </file>
      <file name="/Users/mirzat/Desktop/pengjisoft/caomei-laravel/app/Entities/Role.php">
        <class name="App\Entities\Role" namespace="App\Entities">
          <metrics complexity="0" methods="0" coveredmethods="0" conditionals="0" coveredconditionals="0" statements="0" coveredstatements="0" elements="0" coveredelements="0"/>
        </class>
        <metrics loc="29" ncloc="14" classes="0" methods="0" coveredmethods="0" conditionals="0" coveredconditionals="0" statements="0" coveredstatements="0" elements="0" coveredelements="0"/>
      </file>
      <file name="/Users/mirzat/Desktop/pengjisoft/caomei-laravel/app/Entities/ShopGoods.php">
        <class name="App\Entities\ShopGoods" namespace="App\Entities">
          <metrics complexity="0" methods="0" coveredmethods="0" conditionals="0" coveredconditionals="0" statements="0" coveredstatements="0" elements="0" coveredelements="0"/>
        </class>
        <metrics loc="15" ncloc="10" classes="0" methods="0" coveredmethods="0" conditionals="0" coveredconditionals="0" statements="0" coveredstatements="0" elements="0" coveredelements="0"/>
      </file>
      <file name="/Users/mirzat/Desktop/pengjisoft/caomei-laravel/app/Entities/ShopSetting.php">
        <class name="App\Entities\ShopSetting" namespace="App\Entities">
          <metrics complexity="0" methods="0" coveredmethods="0" conditionals="0" coveredconditionals="0" statements="0" coveredstatements="0" elements="0" coveredelements="0"/>
        </class>
        <metrics loc="15" ncloc="10" classes="0" methods="0" coveredmethods="0" conditionals="0" coveredconditionals="0" statements="0" coveredstatements="0" elements="0" coveredelements="0"/>
      </file>
      <file name="/Users/mirzat/Desktop/pengjisoft/caomei-laravel/app/Entities/Staff.php">
        <class name="App\Entities\Staff" namespace="App\Entities">
          <metrics complexity="0" methods="0" coveredmethods="0" conditionals="0" coveredconditionals="0" statements="0" coveredstatements="0" elements="0" coveredelements="0"/>
        </class>
        <metrics loc="15" ncloc="8" classes="0" methods="0" coveredmethods="0" conditionals="0" coveredconditionals="0" statements="0" coveredstatements="0" elements="0" coveredelements="0"/>
      </file>
      <file name="/Users/mirzat/Desktop/pengjisoft/caomei-laravel/app/Entities/User.php">
        <class name="App\Entities\User" namespace="App\Entities">
          <metrics complexity="0" methods="0" coveredmethods="0" conditionals="0" coveredconditionals="0" statements="0" coveredstatements="0" elements="0" coveredelements="0"/>
        </class>
        <metrics loc="34" ncloc="11" classes="0" methods="0" coveredmethods="0" conditionals="0" coveredconditionals="0" statements="0" coveredstatements="0" elements="0" coveredelements="0"/>
      </file>
      <file name="/Users/mirzat/Desktop/pengjisoft/caomei-laravel/app/Entities/Vcode.php">
        <class name="App\Entities\Vcode" namespace="App\Entities">
          <metrics complexity="0" methods="0" coveredmethods="0" conditionals="0" coveredconditionals="0" statements="0" coveredstatements="0" elements="0" coveredelements="0"/>
        </class>
        <metrics loc="25" ncloc="8" classes="0" methods="0" coveredmethods="0" conditionals="0" coveredconditionals="0" statements="0" coveredstatements="0" elements="0" coveredelements="0"/>
      </file>
      <file name="/Users/mirzat/Desktop/pengjisoft/caomei-laravel/app/Entities/WechatInfo.php">
        <class name="App\Entities\WechatInfo" namespace="App\Entities">
          <metrics complexity="0" methods="0" coveredmethods="0" conditionals="0" coveredconditionals="0" statements="0" coveredstatements="0" elements="0" coveredelements="0"/>
        </class>
        <metrics loc="15" ncloc="8" classes="0" methods="0" coveredmethods="0" conditionals="0" coveredconditionals="0" statements="0" coveredstatements="0" elements="0" coveredelements="0"/>
      </file>
    </package>
    <package name="App\Exceptions">
      <file name="/Users/mirzat/Desktop/pengjisoft/caomei-laravel/app/Exceptions/ApiException.php">
        <class name="App\Exceptions\ApiException" namespace="App\Exceptions">
          <metrics complexity="2" methods="1" coveredmethods="0" conditionals="0" coveredconditionals="0" statements="7" coveredstatements="0" elements="8" coveredelements="0"/>
        </class>
        <line num="20" type="method" name="__construct" visibility="public" complexity="2" crap="6.00" count="0"/>
        <line num="22" type="stmt" count="0"/>
        <line num="23" type="stmt" count="0"/>
        <line num="24" type="stmt" count="0"/>
        <line num="25" type="stmt" count="0"/>
        <line num="26" type="stmt" count="0"/>
        <line num="27" type="stmt" count="0"/>
        <line num="29" type="stmt" count="0"/>
        <metrics loc="30" ncloc="19" classes="1" methods="1" coveredmethods="0" conditionals="0" coveredconditionals="0" statements="7" coveredstatements="0" elements="8" coveredelements="0"/>
      </file>
      <file name="/Users/mirzat/Desktop/pengjisoft/caomei-laravel/app/Exceptions/ConfigurationException.php">
        <class name="App\Exceptions\ConfigurationException" namespace="App\Exceptions">
          <metrics complexity="0" methods="0" coveredmethods="0" conditionals="0" coveredconditionals="0" statements="0" coveredstatements="0" elements="0" coveredelements="0"/>
        </class>
        <metrics loc="8" ncloc="8" classes="0" methods="0" coveredmethods="0" conditionals="0" coveredconditionals="0" statements="0" coveredstatements="0" elements="0" coveredelements="0"/>
      </file>
      <file name="/Users/mirzat/Desktop/pengjisoft/caomei-laravel/app/Exceptions/DuplicateUniqueIdException.php">
        <class name="App\Exceptions\DuplicateUniqueIdException" namespace="App\Exceptions">
          <metrics complexity="0" methods="0" coveredmethods="0" conditionals="0" coveredconditionals="0" statements="0" coveredstatements="0" elements="0" coveredelements="0"/>
        </class>
        <metrics loc="13" ncloc="7" classes="0" methods="0" coveredmethods="0" conditionals="0" coveredconditionals="0" statements="0" coveredstatements="0" elements="0" coveredelements="0"/>
      </file>
      <file name="/Users/mirzat/Desktop/pengjisoft/caomei-laravel/app/Exceptions/ErrorCodes.php">
        <class name="App\Exceptions\ErrorCodes" namespace="App\Exceptions">
          <metrics complexity="4" methods="3" coveredmethods="0" conditionals="0" coveredconditionals="0" statements="5" coveredstatements="0" elements="8" coveredelements="0"/>
        </class>
        <line num="57" type="method" name="getMessage" visibility="public" complexity="2" crap="6.00" count="0"/>
        <line num="59" type="stmt" count="0"/>
        <line num="60" type="stmt" count="0"/>
        <line num="63" type="stmt" count="0"/>
        <line num="73" type="method" name="getStatusCode" visibility="public" complexity="1" crap="2.00" count="0"/>
        <line num="75" type="stmt" count="0"/>
        <line num="78" type="method" name="getErrorCode" visibility="public" complexity="1" crap="2.00" count="0"/>
        <line num="80" type="stmt" count="0"/>
        <metrics loc="82" ncloc="41" classes="1" methods="3" coveredmethods="0" conditionals="0" coveredconditionals="0" statements="5" coveredstatements="0" elements="8" coveredelements="0"/>
      </file>
      <file name="/Users/mirzat/Desktop/pengjisoft/caomei-laravel/app/Exceptions/Handler.php">
        <class name="App\Exceptions\Handler" namespace="App\Exceptions">
          <metrics complexity="7" methods="3" coveredmethods="0" conditionals="0" coveredconditionals="0" statements="16" coveredstatements="0" elements="19" coveredelements="0"/>
        </class>
        <line num="50" type="method" name="report" visibility="public" complexity="2" crap="6.00" count="0"/>
        <line num="52" type="stmt" count="0"/>
        <line num="53" type="stmt" count="0"/>
        <line num="55" type="stmt" count="0"/>
        <line num="56" type="stmt" count="0"/>
        <line num="68" type="method" name="render" visibility="public" complexity="4" crap="20.00" count="0"/>
        <line num="71" type="stmt" count="0"/>
        <line num="74" type="stmt" count="0"/>
        <line num="75" type="stmt" count="0"/>
        <line num="78" type="stmt" count="0"/>
        <line num="82" type="stmt" count="0"/>
        <line num="83" type="stmt" count="0"/>
        <line num="87" type="stmt" count="0"/>
        <line num="88" type="stmt" count="0"/>
        <line num="89" type="stmt" count="0"/>
        <line num="90" type="stmt" count="0"/>
        <line num="100" type="method" name="prepareApiException" visibility="public" complexity="1" crap="2.00" count="0"/>
        <line num="102" type="stmt" count="0"/>
        <line num="103" type="stmt" count="0"/>
        <metrics loc="105" ncloc="58" classes="1" methods="3" coveredmethods="0" conditionals="0" coveredconditionals="0" statements="16" coveredstatements="0" elements="19" coveredelements="0"/>
      </file>
      <file name="/Users/mirzat/Desktop/pengjisoft/caomei-laravel/app/Exceptions/InvalidArgumentException.php">
        <class name="App\Exceptions\InvalidArgumentException" namespace="App\Exceptions">
          <metrics complexity="0" methods="0" coveredmethods="0" conditionals="0" coveredconditionals="0" statements="0" coveredstatements="0" elements="0" coveredelements="0"/>
        </class>
        <metrics loc="9" ncloc="9" classes="0" methods="0" coveredmethods="0" conditionals="0" coveredconditionals="0" statements="0" coveredstatements="0" elements="0" coveredelements="0"/>
      </file>
      <file name="/Users/mirzat/Desktop/pengjisoft/caomei-laravel/app/Exceptions/UnauthorizedClientException.php">
        <class name="App\Exceptions\UnauthorizedClientException" namespace="App\Exceptions">
          <metrics complexity="1" methods="1" coveredmethods="0" conditionals="0" coveredconditionals="0" statements="2" coveredstatements="0" elements="3" coveredelements="0"/>
        </class>
        <line num="7" type="method" name="__construct" visibility="public" complexity="1" crap="2.00" count="0"/>
        <line num="9" type="stmt" count="0"/>
        <line num="10" type="stmt" count="0"/>
        <metrics loc="11" ncloc="11" classes="1" methods="1" coveredmethods="0" conditionals="0" coveredconditionals="0" statements="2" coveredstatements="0" elements="3" coveredelements="0"/>
      </file>
      <file name="/Users/mirzat/Desktop/pengjisoft/caomei-laravel/app/Exceptions/UnauthorizedUserException.php">
        <class name="App\Exceptions\UnauthorizedUserException" namespace="App\Exceptions">
          <metrics complexity="1" methods="1" coveredmethods="0" conditionals="0" coveredconditionals="0" statements="2" coveredstatements="0" elements="3" coveredelements="0"/>
        </class>
        <line num="7" type="method" name="__construct" visibility="public" complexity="1" crap="2.00" count="0"/>
        <line num="9" type="stmt" count="0"/>
        <line num="10" type="stmt" count="0"/>
        <metrics loc="11" ncloc="11" classes="1" methods="1" coveredmethods="0" conditionals="0" coveredconditionals="0" statements="2" coveredstatements="0" elements="3" coveredelements="0"/>
      </file>
    </package>
    <package name="App\Http\Controllers">
      <file name="/Users/mirzat/Desktop/pengjisoft/caomei-laravel/app/Http/Controllers/AuthController.php">
        <class name="App\Http\Controllers\AuthController" namespace="App\Http\Controllers">
          <metrics complexity="2" methods="2" coveredmethods="0" conditionals="0" coveredconditionals="0" statements="3" coveredstatements="0" elements="5" coveredelements="0"/>
        </class>
        <line num="17" type="method" name="__construct" visibility="public" complexity="1" crap="2.00" count="0"/>
        <line num="20" type="stmt" count="0"/>
        <line num="22" type="method" name="vcode" visibility="public" complexity="1" crap="2.00" count="0"/>
        <line num="25" type="stmt" count="0"/>
        <line num="27" type="stmt" count="0"/>
        <metrics loc="28" ncloc="22" classes="1" methods="2" coveredmethods="0" conditionals="0" coveredconditionals="0" statements="3" coveredstatements="0" elements="5" coveredelements="0"/>
      </file>
      <file name="/Users/mirzat/Desktop/pengjisoft/caomei-laravel/app/Http/Controllers/Controller.php">
        <class name="App\Http\Controllers\Controller" namespace="App\Http\Controllers">
          <metrics complexity="5" methods="5" coveredmethods="0" conditionals="0" coveredconditionals="0" statements="19" coveredstatements="0" elements="24" coveredelements="0"/>
        </class>
        <line num="18" type="method" name="__construct" visibility="public" complexity="1" crap="2.00" count="0"/>
        <line num="20" type="stmt" count="0"/>
        <line num="21" type="stmt" count="0"/>
        <line num="22" type="stmt" count="0"/>
        <line num="23" type="stmt" count="0"/>
        <line num="24" type="stmt" count="0"/>
        <line num="26" type="method" name="successData" visibility="protected" complexity="1" crap="2.00" count="0"/>
        <line num="29" type="stmt" count="0"/>
        <line num="30" type="stmt" count="0"/>
        <line num="31" type="stmt" count="0"/>
        <line num="35" type="method" name="errorData" visibility="protected" complexity="1" crap="2.00" count="0"/>
        <line num="38" type="stmt" count="0"/>
        <line num="39" type="stmt" count="0"/>
        <line num="40" type="stmt" count="0"/>
        <line num="44" type="method" name="responseSuccess" visibility="protected" complexity="1" crap="2.00" count="0"/>
        <line num="47" type="stmt" count="0"/>
        <line num="48" type="stmt" count="0"/>
        <line num="49" type="stmt" count="0"/>
        <line num="51" type="stmt" count="0"/>
        <line num="54" type="method" name="responseError" visibility="protected" complexity="1" crap="2.00" count="0"/>
        <line num="57" type="stmt" count="0"/>
        <line num="58" type="stmt" count="0"/>
        <line num="59" type="stmt" count="0"/>
        <line num="61" type="stmt" count="0"/>
        <metrics loc="65" ncloc="61" classes="1" methods="5" coveredmethods="0" conditionals="0" coveredconditionals="0" statements="19" coveredstatements="0" elements="24" coveredelements="0"/>
      </file>
    </package>
    <package name="App\Http">
      <file name="/Users/mirzat/Desktop/pengjisoft/caomei-laravel/app/Http/Kernel.php">
        <class name="App\Http\Kernel" namespace="App\Http">
          <metrics complexity="0" methods="0" coveredmethods="0" conditionals="0" coveredconditionals="0" statements="0" coveredstatements="0" elements="0" coveredelements="0"/>
        </class>
        <metrics loc="62" ncloc="43" classes="0" methods="0" coveredmethods="0" conditionals="0" coveredconditionals="0" statements="0" coveredstatements="0" elements="0" coveredelements="0"/>
      </file>
    </package>
    <package name="App\Http\Middleware">
      <file name="/Users/mirzat/Desktop/pengjisoft/caomei-laravel/app/Http/Middleware/EncryptCookies.php">
        <class name="App\Http\Middleware\EncryptCookies" namespace="App\Http\Middleware">
          <metrics complexity="0" methods="0" coveredmethods="0" conditionals="0" coveredconditionals="0" statements="0" coveredstatements="0" elements="0" coveredelements="0"/>
        </class>
        <metrics loc="17" ncloc="10" classes="0" methods="0" coveredmethods="0" conditionals="0" coveredconditionals="0" statements="0" coveredstatements="0" elements="0" coveredelements="0"/>
      </file>
      <file name="/Users/mirzat/Desktop/pengjisoft/caomei-laravel/app/Http/Middleware/RedirectIfAuthenticated.php">
        <class name="App\Http\Middleware\RedirectIfAuthenticated" namespace="App\Http\Middleware">
          <metrics complexity="2" methods="1" coveredmethods="0" conditionals="0" coveredconditionals="0" statements="3" coveredstatements="0" elements="4" coveredelements="0"/>
        </class>
        <line num="18" type="method" name="handle" visibility="public" complexity="2" crap="6.00" count="0"/>
        <line num="20" type="stmt" count="0"/>
        <line num="21" type="stmt" count="0"/>
        <line num="24" type="stmt" count="0"/>
        <metrics loc="26" ncloc="18" classes="1" methods="1" coveredmethods="0" conditionals="0" coveredconditionals="0" statements="3" coveredstatements="0" elements="4" coveredelements="0"/>
      </file>
      <file name="/Users/mirzat/Desktop/pengjisoft/caomei-laravel/app/Http/Middleware/TrimStrings.php">
        <class name="App\Http\Middleware\TrimStrings" namespace="App\Http\Middleware">
          <metrics complexity="0" methods="0" coveredmethods="0" conditionals="0" coveredconditionals="0" statements="0" coveredstatements="0" elements="0" coveredelements="0"/>
        </class>
        <metrics loc="18" ncloc="13" classes="0" methods="0" coveredmethods="0" conditionals="0" coveredconditionals="0" statements="0" coveredstatements="0" elements="0" coveredelements="0"/>
      </file>
      <file name="/Users/mirzat/Desktop/pengjisoft/caomei-laravel/app/Http/Middleware/TrustProxies.php">
        <class name="App\Http\Middleware\TrustProxies" namespace="App\Http\Middleware">
          <metrics complexity="0" methods="0" coveredmethods="0" conditionals="0" coveredconditionals="0" statements="0" coveredstatements="0" elements="0" coveredelements="0"/>
        </class>
        <metrics loc="23" ncloc="13" classes="0" methods="0" coveredmethods="0" conditionals="0" coveredconditionals="0" statements="0" coveredstatements="0" elements="0" coveredelements="0"/>
      </file>
      <file name="/Users/mirzat/Desktop/pengjisoft/caomei-laravel/app/Http/Middleware/VerifyCsrfToken.php">
        <class name="App\Http\Middleware\VerifyCsrfToken" namespace="App\Http\Middleware">
          <metrics complexity="0" methods="0" coveredmethods="0" conditionals="0" coveredconditionals="0" statements="0" coveredstatements="0" elements="0" coveredelements="0"/>
        </class>
        <metrics loc="17" ncloc="10" classes="0" methods="0" coveredmethods="0" conditionals="0" coveredconditionals="0" statements="0" coveredstatements="0" elements="0" coveredelements="0"/>
      </file>
    </package>
    <package name="App\Http\Responses">
      <file name="/Users/mirzat/Desktop/pengjisoft/caomei-laravel/app/Http/Responses/ApiResponse.php">
        <class name="ApiResponse" namespace="App\Http\Responses">
          <metrics complexity="9" methods="7" coveredmethods="0" conditionals="0" coveredconditionals="0" statements="23" coveredstatements="0" elements="30" coveredelements="0"/>
        </class>
        <line num="19" type="method" name="respond" visibility="private" complexity="1" crap="2.00" count="0"/>
        <line num="21" type="stmt" count="0"/>
        <line num="22" type="stmt" count="0"/>
        <line num="23" type="stmt" count="0"/>
        <line num="32" type="method" name="format" visibility="private" complexity="3" crap="12.00" count="0"/>
        <line num="34" type="stmt" count="0"/>
        <line num="35" type="stmt" count="0"/>
        <line num="36" type="stmt" count="0"/>
        <line num="38" type="stmt" count="0"/>
        <line num="39" type="stmt" count="0"/>
        <line num="40" type="stmt" count="0"/>
        <line num="41" type="stmt" count="0"/>
        <line num="44" type="stmt" count="0"/>
        <line num="45" type="stmt" count="0"/>
        <line num="48" type="stmt" count="0"/>
        <line num="61" type="method" name="failed" visibility="public" complexity="1" crap="2.00" count="0"/>
        <line num="63" type="stmt" count="0"/>
        <line num="64" type="stmt" count="0"/>
        <line num="75" type="method" name="ok" visibility="public" complexity="1" crap="2.00" count="0"/>
        <line num="77" type="stmt" count="0"/>
        <line num="78" type="stmt" count="0"/>
        <line num="89" type="method" name="accept" visibility="public" complexity="1" crap="2.00" count="0"/>
        <line num="91" type="stmt" count="0"/>
        <line num="92" type="stmt" count="0"/>
        <line num="103" type="method" name="created" visibility="public" complexity="1" crap="2.00" count="0"/>
        <line num="105" type="stmt" count="0"/>
        <line num="106" type="stmt" count="0"/>
        <line num="117" type="method" name="noContent" visibility="public" complexity="1" crap="2.00" count="0"/>
        <line num="119" type="stmt" count="0"/>
        <line num="120" type="stmt" count="0"/>
        <metrics loc="122" ncloc="64" classes="1" methods="7" coveredmethods="0" conditionals="0" coveredconditionals="0" statements="23" coveredstatements="0" elements="30" coveredelements="0"/>
      </file>
    </package>
    <package name="App\Providers">
      <file name="/Users/mirzat/Desktop/pengjisoft/caomei-laravel/app/Providers/AppServiceProvider.php">
        <class name="App\Providers\AppServiceProvider" namespace="App\Providers">
          <metrics complexity="2" methods="2" coveredmethods="0" conditionals="0" coveredconditionals="0" statements="2" coveredstatements="0" elements="4" coveredelements="0"/>
        </class>
        <line num="14" type="method" name="boot" visibility="public" complexity="1" crap="2.00" count="0"/>
        <line num="17" type="stmt" count="0"/>
        <line num="24" type="method" name="register" visibility="public" complexity="1" crap="2.00" count="0"/>
        <line num="27" type="stmt" count="0"/>
        <metrics loc="28" ncloc="14" classes="1" methods="2" coveredmethods="0" conditionals="0" coveredconditionals="0" statements="2" coveredstatements="0" elements="4" coveredelements="0"/>
      </file>
      <file name="/Users/mirzat/Desktop/pengjisoft/caomei-laravel/app/Providers/AuthServiceProvider.php">
        <class name="App\Providers\AuthServiceProvider" namespace="App\Providers">
          <metrics complexity="1" methods="1" coveredmethods="0" conditionals="0" coveredconditionals="0" statements="2" coveredstatements="0" elements="3" coveredelements="0"/>
        </class>
        <line num="24" type="method" name="boot" visibility="public" complexity="1" crap="2.00" count="0"/>
        <line num="26" type="stmt" count="0"/>
        <line num="29" type="stmt" count="0"/>
        <metrics loc="30" ncloc="18" classes="1" methods="1" coveredmethods="0" conditionals="0" coveredconditionals="0" statements="2" coveredstatements="0" elements="3" coveredelements="0"/>
      </file>
      <file name="/Users/mirzat/Desktop/pengjisoft/caomei-laravel/app/Providers/BroadcastServiceProvider.php">
        <class name="App\Providers\BroadcastServiceProvider" namespace="App\Providers">
          <metrics complexity="1" methods="1" coveredmethods="0" conditionals="0" coveredconditionals="0" statements="3" coveredstatements="0" elements="4" coveredelements="0"/>
        </class>
        <line num="15" type="method" name="boot" visibility="public" complexity="1" crap="2.00" count="0"/>
        <line num="17" type="stmt" count="0"/>
        <line num="19" type="stmt" count="0"/>
        <line num="20" type="stmt" count="0"/>
        <metrics loc="21" ncloc="16" classes="1" methods="1" coveredmethods="0" conditionals="0" coveredconditionals="0" statements="3" coveredstatements="0" elements="4" coveredelements="0"/>
      </file>
      <file name="/Users/mirzat/Desktop/pengjisoft/caomei-laravel/app/Providers/EventServiceProvider.php">
        <class name="App\Providers\EventServiceProvider" namespace="App\Providers">
          <metrics complexity="1" methods="1" coveredmethods="0" conditionals="0" coveredconditionals="0" statements="2" coveredstatements="0" elements="3" coveredelements="0"/>
        </class>
        <line num="26" type="method" name="boot" visibility="public" complexity="1" crap="2.00" count="0"/>
        <line num="28" type="stmt" count="0"/>
        <line num="31" type="stmt" count="0"/>
        <metrics loc="32" ncloc="20" classes="1" methods="1" coveredmethods="0" conditionals="0" coveredconditionals="0" statements="2" coveredstatements="0" elements="3" coveredelements="0"/>
      </file>
      <file name="/Users/mirzat/Desktop/pengjisoft/caomei-laravel/app/Providers/RouteServiceProvider.php">
        <class name="App\Providers\RouteServiceProvider" namespace="App\Providers">
          <metrics complexity="4" methods="4" coveredmethods="0" conditionals="0" coveredconditionals="0" statements="14" coveredstatements="0" elements="18" coveredelements="0"/>
        </class>
        <line num="24" type="method" name="boot" visibility="public" complexity="1" crap="2.00" count="0"/>
        <line num="28" type="stmt" count="0"/>
        <line num="29" type="stmt" count="0"/>
        <line num="36" type="method" name="map" visibility="public" complexity="1" crap="2.00" count="0"/>
        <line num="38" type="stmt" count="0"/>
        <line num="40" type="stmt" count="0"/>
        <line num="43" type="stmt" count="0"/>
        <line num="52" type="method" name="mapWebRoutes" visibility="protected" complexity="1" crap="2.00" count="0"/>
        <line num="54" type="stmt" count="0"/>
        <line num="55" type="stmt" count="0"/>
        <line num="56" type="stmt" count="0"/>
        <line num="57" type="stmt" count="0"/>
        <line num="66" type="method" name="mapApiRoutes" visibility="protected" complexity="1" crap="2.00" count="0"/>
        <line num="68" type="stmt" count="0"/>
        <line num="69" type="stmt" count="0"/>
        <line num="70" type="stmt" count="0"/>
        <line num="71" type="stmt" count="0"/>
        <line num="72" type="stmt" count="0"/>
        <metrics loc="73" ncloc="38" classes="1" methods="4" coveredmethods="0" conditionals="0" coveredconditionals="0" statements="14" coveredstatements="0" elements="18" coveredelements="0"/>
      </file>
    </package>
    <package name="App\Repositories">
      <file name="/Users/mirzat/Desktop/pengjisoft/caomei-laravel/app/Repositories/GoodsCategoryRespository.php">
        <class name="App\Repositories\GoodsCategoryRespository" namespace="App\Repositories">
          <metrics complexity="21" methods="10" coveredmethods="0" conditionals="0" coveredconditionals="0" statements="39" coveredstatements="0" elements="49" coveredelements="0"/>
        </class>
        <line num="20" type="method" name="getListByShop" visibility="public" complexity="2" crap="6.00" count="0"/>
        <line num="22" type="stmt" count="0"/>
        <line num="23" type="stmt" count="0"/>
        <line num="24" type="stmt" count="0"/>
        <line num="26" type="stmt" count="0"/>
        <line num="28" type="method" name="getByList" visibility="public" complexity="1" crap="2.00" count="0"/>
        <line num="30" type="stmt" count="0"/>
        <line num="33" type="method" name="getAll" visibility="public" complexity="1" crap="2.00" count="0"/>
        <line num="35" type="stmt" count="0"/>
        <line num="38" type="method" name="add" visibility="public" complexity="3" crap="12.00" count="0"/>
        <line num="40" type="stmt" count="0"/>
        <line num="41" type="stmt" count="0"/>
        <line num="42" type="stmt" count="0"/>
        <line num="43" type="stmt" count="0"/>
        <line num="44" type="stmt" count="0"/>
        <line num="45" type="stmt" count="0"/>
        <line num="46" type="stmt" count="0"/>
        <line num="49" type="method" name="changeCategoryList" visibility="public" complexity="2" crap="6.00" count="0"/>
        <line num="51" type="stmt" count="0"/>
        <line num="52" type="stmt" count="0"/>
        <line num="53" type="stmt" count="0"/>
        <line num="54" type="stmt" count="0"/>
        <line num="56" type="stmt" count="0"/>
        <line num="58" type="stmt" count="0"/>
        <line num="59" type="stmt" count="0"/>
        <line num="61" type="method" name="checkSameName" visibility="public" complexity="2" crap="6.00" count="0"/>
        <line num="63" type="stmt" count="0"/>
        <line num="64" type="stmt" count="0"/>
        <line num="65" type="stmt" count="0"/>
        <line num="67" type="stmt" count="0"/>
        <line num="70" type="method" name="update" visibility="public" complexity="4" crap="20.00" count="0"/>
        <line num="72" type="stmt" count="0"/>
        <line num="73" type="stmt" count="0"/>
        <line num="74" type="stmt" count="0"/>
        <line num="76" type="stmt" count="0"/>
        <line num="77" type="stmt" count="0"/>
        <line num="78" type="stmt" count="0"/>
        <line num="79" type="stmt" count="0"/>
        <line num="80" type="stmt" count="0"/>
        <line num="83" type="method" name="getOne" visibility="public" complexity="1" crap="2.00" count="0"/>
        <line num="85" type="stmt" count="0"/>
        <line num="88" type="method" name="delete" visibility="public" complexity="4" crap="20.00" count="0"/>
        <line num="90" type="stmt" count="0"/>
        <line num="91" type="stmt" count="0"/>
        <line num="93" type="stmt" count="0"/>
        <line num="95" type="stmt" count="0"/>
        <line num="96" type="stmt" count="0"/>
        <line num="99" type="method" name="findGoodsByCategoryId" visibility="public" complexity="1" crap="2.00" count="0"/>
        <line num="101" type="stmt" count="0"/>
        <metrics loc="103" ncloc="97" classes="1" methods="10" coveredmethods="0" conditionals="0" coveredconditionals="0" statements="39" coveredstatements="0" elements="49" coveredelements="0"/>
      </file>
    </package>
    <package name="App\Services">
      <file name="/Users/mirzat/Desktop/pengjisoft/caomei-laravel/app/Services/GoodsCategoryService.php">
        <class name="App\Services\GoodsCategoryService" namespace="App\Services">
          <metrics complexity="18" methods="8" coveredmethods="0" conditionals="0" coveredconditionals="0" statements="32" coveredstatements="0" elements="40" coveredelements="0"/>
        </class>
        <line num="18" type="method" name="__construct" visibility="public" complexity="1" crap="2.00" count="0"/>
        <line num="20" type="stmt" count="0"/>
        <line num="21" type="stmt" count="0"/>
        <line num="23" type="method" name="getByShopId" visibility="public" complexity="5" crap="30.00" count="0"/>
        <line num="25" type="stmt" count="0"/>
        <line num="26" type="stmt" count="0"/>
        <line num="27" type="stmt" count="0"/>
        <line num="29" type="stmt" count="0"/>
        <line num="30" type="stmt" count="0"/>
        <line num="31" type="stmt" count="0"/>
        <line num="32" type="stmt" count="0"/>
        <line num="33" type="stmt" count="0"/>
        <line num="34" type="stmt" count="0"/>
        <line num="35" type="stmt" count="0"/>
        <line num="39" type="stmt" count="0"/>
        <line num="42" type="method" name="getAll" visibility="public" complexity="1" crap="2.00" count="0"/>
        <line num="44" type="stmt" count="0"/>
        <line num="47" type="method" name="getOne" visibility="public" complexity="3" crap="12.00" count="0"/>
        <line num="49" type="stmt" count="0"/>
        <line num="50" type="stmt" count="0"/>
        <line num="52" type="stmt" count="0"/>
        <line num="54" type="stmt" count="0"/>
        <line num="57" type="method" name="add" visibility="public" complexity="3" crap="12.00" count="0"/>
        <line num="59" type="stmt" count="0"/>
        <line num="60" type="stmt" count="0"/>
        <line num="61" type="stmt" count="0"/>
        <line num="63" type="stmt" count="0"/>
        <line num="64" type="stmt" count="0"/>
        <line num="65" type="stmt" count="0"/>
        <line num="67" type="stmt" count="0"/>
        <line num="68" type="stmt" count="0"/>
        <line num="71" type="method" name="update" visibility="public" complexity="1" crap="2.00" count="0"/>
        <line num="73" type="stmt" count="0"/>
        <line num="76" type="method" name="delete" visibility="public" complexity="2" crap="6.00" count="0"/>
        <line num="78" type="stmt" count="0"/>
        <line num="79" type="stmt" count="0"/>
        <line num="81" type="stmt" count="0"/>
        <line num="82" type="stmt" count="0"/>
        <line num="85" type="method" name="checkCategoryUser" visibility="private" complexity="2" crap="6.00" count="0"/>
        <line num="87" type="stmt" count="0"/>
        <metrics loc="89" ncloc="83" classes="1" methods="8" coveredmethods="0" conditionals="0" coveredconditionals="0" statements="32" coveredstatements="0" elements="40" coveredelements="0"/>
      </file>
    </package>
    <metrics files="44" loc="1503" ncloc="891" classes="17" methods="53" coveredmethods="0" conditionals="0" coveredconditionals="0" statements="178" coveredstatements="0" elements="231" coveredelements="0"/>
  </project>
</coverage>
